running egg_info
writing ../../build/aiChairDocking_pkg/aiChairDocking_pkg.egg-info/PKG-INFO
writing dependency_links to ../../build/aiChairDocking_pkg/aiChairDocking_pkg.egg-info/dependency_links.txt
writing entry points to ../../build/aiChairDocking_pkg/aiChairDocking_pkg.egg-info/entry_points.txt
writing requirements to ../../build/aiChairDocking_pkg/aiChairDocking_pkg.egg-info/requires.txt
writing top-level names to ../../build/aiChairDocking_pkg/aiChairDocking_pkg.egg-info/top_level.txt
reading manifest file '../../build/aiChairDocking_pkg/aiChairDocking_pkg.egg-info/SOURCES.txt'
writing manifest file '../../build/aiChairDocking_pkg/aiChairDocking_pkg.egg-info/SOURCES.txt'
running build
running build_py
running install
running install_lib
running install_data
running install_egg_info
removing '/home/solodod/aiChairDocking/install/aiChairDocking_pkg/lib/python3.12/site-packages/aiChairDocking_pkg-0.0.0-py3.12.egg-info' (and everything under it)
Copying ../../build/aiChairDocking_pkg/aiChairDocking_pkg.egg-info to /home/solodod/aiChairDocking/install/aiChairDocking_pkg/lib/python3.12/site-packages/aiChairDocking_pkg-0.0.0-py3.12.egg-info
running install_scripts
Installing publisher script to /home/solodod/aiChairDocking/install/aiChairDocking_pkg/lib/aiChairDocking_pkg
Installing subscriber script to /home/solodod/aiChairDocking/install/aiChairDocking_pkg/lib/aiChairDocking_pkg
writing list of installed files to '/home/solodod/aiChairDocking/build/aiChairDocking_pkg/install.log'
