[0.356s] Invoking command in '/home/solodod/aiChairDocking/src/aiChairDocking_pkg': DEBUGINFOD_URLS=https://debuginfod.ubuntu.com PYTHONPATH=/home/solodod/aiChairDocking/build/aiChairDocking_pkg/prefix_override:/usr/lib/python3/dist-packages/colcon_core/task/python/colcon_distutils_commands:/home/solodod/aiChairDocking/install/aiChairDocking_pkg/lib/python3.12/site-packages:${PYTHONPATH} /usr/bin/python3 -W ignore:setup.py install is deprecated -W ignore:easy_install command is deprecated setup.py egg_info --egg-base ../../build/aiChairDocking_pkg build --build-base /home/solodod/aiChairDocking/build/aiChairDocking_pkg/build install --record /home/solodod/aiChairDocking/build/aiChairDocking_pkg/install.log --single-version-externally-managed install_data
[0.475s] running egg_info
[0.482s] writing ../../build/aiChairDocking_pkg/aiChairDocking_pkg.egg-info/PKG-INFO
[0.482s] writing dependency_links to ../../build/aiChairDocking_pkg/aiChairDocking_pkg.egg-info/dependency_links.txt
[0.482s] writing entry points to ../../build/aiChairDocking_pkg/aiChairDocking_pkg.egg-info/entry_points.txt
[0.482s] writing requirements to ../../build/aiChairDocking_pkg/aiChairDocking_pkg.egg-info/requires.txt
[0.482s] writing top-level names to ../../build/aiChairDocking_pkg/aiChairDocking_pkg.egg-info/top_level.txt
[0.498s] reading manifest file '../../build/aiChairDocking_pkg/aiChairDocking_pkg.egg-info/SOURCES.txt'
[0.498s] writing manifest file '../../build/aiChairDocking_pkg/aiChairDocking_pkg.egg-info/SOURCES.txt'
[0.498s] running build
[0.498s] running build_py
[0.498s] running install
[0.501s] running install_lib
[0.509s] running install_data
[0.509s] running install_egg_info
[0.518s] removing '/home/solodod/aiChairDocking/install/aiChairDocking_pkg/lib/python3.12/site-packages/aiChairDocking_pkg-0.0.0-py3.12.egg-info' (and everything under it)
[0.518s] Copying ../../build/aiChairDocking_pkg/aiChairDocking_pkg.egg-info to /home/solodod/aiChairDocking/install/aiChairDocking_pkg/lib/python3.12/site-packages/aiChairDocking_pkg-0.0.0-py3.12.egg-info
[0.518s] running install_scripts
[0.574s] Installing publisher script to /home/solodod/aiChairDocking/install/aiChairDocking_pkg/lib/aiChairDocking_pkg
[0.574s] Installing subscriber script to /home/solodod/aiChairDocking/install/aiChairDocking_pkg/lib/aiChairDocking_pkg
[0.574s] writing list of installed files to '/home/solodod/aiChairDocking/build/aiChairDocking_pkg/install.log'
[0.585s] Invoked command in '/home/solodod/aiChairDocking/src/aiChairDocking_pkg' returned '0': DEBUGINFOD_URLS=https://debuginfod.ubuntu.com PYTHONPATH=/home/solodod/aiChairDocking/build/aiChairDocking_pkg/prefix_override:/usr/lib/python3/dist-packages/colcon_core/task/python/colcon_distutils_commands:/home/solodod/aiChairDocking/install/aiChairDocking_pkg/lib/python3.12/site-packages:${PYTHONPATH} /usr/bin/python3 -W ignore:setup.py install is deprecated -W ignore:easy_install command is deprecated setup.py egg_info --egg-base ../../build/aiChairDocking_pkg build --build-base /home/solodod/aiChairDocking/build/aiChairDocking_pkg/build install --record /home/solodod/aiChairDocking/build/aiChairDocking_pkg/install.log --single-version-externally-managed install_data
