[0.371s] Invoking command in '/home/solodod/aiChairDockingRepo/aiChairDocking/src/aiChairDocking_pkg': DEBUGINFOD_URLS=https://debuginfod.ubuntu.com PYTHONPATH=/home/solodod/aiChairDockingRepo/build/aiChairDocking_pkg/prefix_override:/usr/lib/python3/dist-packages/colcon_core/task/python/colcon_distutils_commands:/home/solodod/aiChairDockingRepo/install/aiChairDocking_pkg/lib/python3.12/site-packages:${PYTHONPATH} /usr/bin/python3 -W ignore:setup.py install is deprecated -W ignore:easy_install command is deprecated setup.py egg_info --egg-base ../../../build/aiChairDocking_pkg build --build-base /home/solodod/aiChairDockingRepo/build/aiChairDocking_pkg/build install --record /home/solodod/aiChairDockingRepo/build/aiChairDocking_pkg/install.log --single-version-externally-managed install_data
[0.487s] running egg_info
[0.495s] writing ../../../build/aiChairDocking_pkg/aiChairDocking_pkg.egg-info/PKG-INFO
[0.495s] writing dependency_links to ../../../build/aiChairDocking_pkg/aiChairDocking_pkg.egg-info/dependency_links.txt
[0.495s] writing entry points to ../../../build/aiChairDocking_pkg/aiChairDocking_pkg.egg-info/entry_points.txt
[0.495s] writing requirements to ../../../build/aiChairDocking_pkg/aiChairDocking_pkg.egg-info/requires.txt
[0.495s] writing top-level names to ../../../build/aiChairDocking_pkg/aiChairDocking_pkg.egg-info/top_level.txt
[0.511s] reading manifest file '../../../build/aiChairDocking_pkg/aiChairDocking_pkg.egg-info/SOURCES.txt'
[0.511s] writing manifest file '../../../build/aiChairDocking_pkg/aiChairDocking_pkg.egg-info/SOURCES.txt'
[0.511s] running build
[0.511s] running build_py
[0.511s] running install
[0.514s] running install_lib
[0.523s] running install_data
[0.523s] running install_egg_info
[0.531s] removing '/home/solodod/aiChairDockingRepo/install/aiChairDocking_pkg/lib/python3.12/site-packages/aiChairDocking_pkg-0.0.0-py3.12.egg-info' (and everything under it)
[0.531s] Copying ../../../build/aiChairDocking_pkg/aiChairDocking_pkg.egg-info to /home/solodod/aiChairDockingRepo/install/aiChairDocking_pkg/lib/python3.12/site-packages/aiChairDocking_pkg-0.0.0-py3.12.egg-info
[0.532s] running install_scripts
[0.588s] Installing publisher script to /home/solodod/aiChairDockingRepo/install/aiChairDocking_pkg/lib/aiChairDocking_pkg
[0.588s] Installing subscriber script to /home/solodod/aiChairDockingRepo/install/aiChairDocking_pkg/lib/aiChairDocking_pkg
[0.588s] writing list of installed files to '/home/solodod/aiChairDockingRepo/build/aiChairDocking_pkg/install.log'
[0.600s] Invoked command in '/home/solodod/aiChairDockingRepo/aiChairDocking/src/aiChairDocking_pkg' returned '0': DEBUGINFOD_URLS=https://debuginfod.ubuntu.com PYTHONPATH=/home/solodod/aiChairDockingRepo/build/aiChairDocking_pkg/prefix_override:/usr/lib/python3/dist-packages/colcon_core/task/python/colcon_distutils_commands:/home/solodod/aiChairDockingRepo/install/aiChairDocking_pkg/lib/python3.12/site-packages:${PYTHONPATH} /usr/bin/python3 -W ignore:setup.py install is deprecated -W ignore:easy_install command is deprecated setup.py egg_info --egg-base ../../../build/aiChairDocking_pkg build --build-base /home/solodod/aiChairDockingRepo/build/aiChairDocking_pkg/build install --record /home/solodod/aiChairDockingRepo/build/aiChairDocking_pkg/install.log --single-version-externally-managed install_data
