[0.442s] Invoking command in '/home/solodod/aiChairDocking/src/aiChairDocking_pkg': DEBUGINFOD_URLS=https://debuginfod.ubuntu.com PYTHONPATH=/home/solodod/aiChairDocking/build/aiChairDocking_pkg/prefix_override:/usr/lib/python3/dist-packages/colcon_core/task/python/colcon_distutils_commands:/home/solodod/aiChairDocking/install/aiChairDocking_pkg/lib/python3.12/site-packages:${PYTHONPATH} /usr/bin/python3 -W ignore:setup.py install is deprecated -W ignore:easy_install command is deprecated setup.py egg_info --egg-base ../../build/aiChairDocking_pkg build --build-base /home/solodod/aiChairDocking/build/aiChairDocking_pkg/build install --record /home/solodod/aiChairDocking/build/aiChairDocking_pkg/install.log --single-version-externally-managed install_data
[0.558s] running egg_info
[0.558s] creating ../../build/aiChairDocking_pkg/aiChairDocking_pkg.egg-info
[0.566s] writing ../../build/aiChairDocking_pkg/aiChairDocking_pkg.egg-info/PKG-INFO
[0.566s] writing dependency_links to ../../build/aiChairDocking_pkg/aiChairDocking_pkg.egg-info/dependency_links.txt
[0.566s] writing entry points to ../../build/aiChairDocking_pkg/aiChairDocking_pkg.egg-info/entry_points.txt
[0.566s] writing requirements to ../../build/aiChairDocking_pkg/aiChairDocking_pkg.egg-info/requires.txt
[0.566s] writing top-level names to ../../build/aiChairDocking_pkg/aiChairDocking_pkg.egg-info/top_level.txt
[0.566s] writing manifest file '../../build/aiChairDocking_pkg/aiChairDocking_pkg.egg-info/SOURCES.txt'
[0.581s] reading manifest file '../../build/aiChairDocking_pkg/aiChairDocking_pkg.egg-info/SOURCES.txt'
[0.581s] writing manifest file '../../build/aiChairDocking_pkg/aiChairDocking_pkg.egg-info/SOURCES.txt'
[0.581s] running build
[0.581s] running build_py
[0.582s] creating /home/solodod/aiChairDocking/build/aiChairDocking_pkg/build
[0.582s] creating /home/solodod/aiChairDocking/build/aiChairDocking_pkg/build/lib
[0.582s] creating /home/solodod/aiChairDocking/build/aiChairDocking_pkg/build/lib/aiChairDocking_pkg
[0.582s] copying aiChairDocking_pkg/subscriber_python.py -> /home/solodod/aiChairDocking/build/aiChairDocking_pkg/build/lib/aiChairDocking_pkg
[0.582s] copying aiChairDocking_pkg/__init__.py -> /home/solodod/aiChairDocking/build/aiChairDocking_pkg/build/lib/aiChairDocking_pkg
[0.582s] copying aiChairDocking_pkg/publisher_python.py -> /home/solodod/aiChairDocking/build/aiChairDocking_pkg/build/lib/aiChairDocking_pkg
[0.582s] running install
[0.585s] running install_lib
[0.593s] creating /home/solodod/aiChairDocking/install/aiChairDocking_pkg/lib/python3.12/site-packages/aiChairDocking_pkg
[0.593s] copying /home/solodod/aiChairDocking/build/aiChairDocking_pkg/build/lib/aiChairDocking_pkg/subscriber_python.py -> /home/solodod/aiChairDocking/install/aiChairDocking_pkg/lib/python3.12/site-packages/aiChairDocking_pkg
[0.593s] copying /home/solodod/aiChairDocking/build/aiChairDocking_pkg/build/lib/aiChairDocking_pkg/publisher_python.py -> /home/solodod/aiChairDocking/install/aiChairDocking_pkg/lib/python3.12/site-packages/aiChairDocking_pkg
[0.593s] copying /home/solodod/aiChairDocking/build/aiChairDocking_pkg/build/lib/aiChairDocking_pkg/__init__.py -> /home/solodod/aiChairDocking/install/aiChairDocking_pkg/lib/python3.12/site-packages/aiChairDocking_pkg
[0.593s] byte-compiling /home/solodod/aiChairDocking/install/aiChairDocking_pkg/lib/python3.12/site-packages/aiChairDocking_pkg/subscriber_python.py to subscriber_python.cpython-312.pyc
[0.593s] byte-compiling /home/solodod/aiChairDocking/install/aiChairDocking_pkg/lib/python3.12/site-packages/aiChairDocking_pkg/publisher_python.py to publisher_python.cpython-312.pyc
[0.594s] byte-compiling /home/solodod/aiChairDocking/install/aiChairDocking_pkg/lib/python3.12/site-packages/aiChairDocking_pkg/__init__.py to __init__.cpython-312.pyc
[0.594s] running install_data
[0.594s] creating /home/solodod/aiChairDocking/install/aiChairDocking_pkg/share/ament_index
[0.594s] creating /home/solodod/aiChairDocking/install/aiChairDocking_pkg/share/ament_index/resource_index
[0.594s] creating /home/solodod/aiChairDocking/install/aiChairDocking_pkg/share/ament_index/resource_index/packages
[0.594s] copying resource/aiChairDocking_pkg -> /home/solodod/aiChairDocking/install/aiChairDocking_pkg/share/ament_index/resource_index/packages
[0.594s] copying package.xml -> /home/solodod/aiChairDocking/install/aiChairDocking_pkg/share/aiChairDocking_pkg
[0.594s] running install_egg_info
[0.602s] Copying ../../build/aiChairDocking_pkg/aiChairDocking_pkg.egg-info to /home/solodod/aiChairDocking/install/aiChairDocking_pkg/lib/python3.12/site-packages/aiChairDocking_pkg-0.0.0-py3.12.egg-info
[0.603s] running install_scripts
[0.658s] Installing publisher script to /home/solodod/aiChairDocking/install/aiChairDocking_pkg/lib/aiChairDocking_pkg
[0.658s] Installing subscriber script to /home/solodod/aiChairDocking/install/aiChairDocking_pkg/lib/aiChairDocking_pkg
[0.659s] writing list of installed files to '/home/solodod/aiChairDocking/build/aiChairDocking_pkg/install.log'
[0.670s] Invoked command in '/home/solodod/aiChairDocking/src/aiChairDocking_pkg' returned '0': DEBUGINFOD_URLS=https://debuginfod.ubuntu.com PYTHONPATH=/home/solodod/aiChairDocking/build/aiChairDocking_pkg/prefix_override:/usr/lib/python3/dist-packages/colcon_core/task/python/colcon_distutils_commands:/home/solodod/aiChairDocking/install/aiChairDocking_pkg/lib/python3.12/site-packages:${PYTHONPATH} /usr/bin/python3 -W ignore:setup.py install is deprecated -W ignore:easy_install command is deprecated setup.py egg_info --egg-base ../../build/aiChairDocking_pkg build --build-base /home/solodod/aiChairDocking/build/aiChairDocking_pkg/build install --record /home/solodod/aiChairDocking/build/aiChairDocking_pkg/install.log --single-version-externally-managed install_data
